
**** 05/09/18 17:16:38 *********** Evaluation PSpice (Nov 1999) **************

 * H ideaal


 ****     CIRCUIT DESCRIPTION


******************************************************************************



.inc tl084.cir

**** INCLUDING tl084.cir ****
* TL084 OPERATIONAL AMPLIFIER "MACROMODEL" SUBCIRCUIT
* CREATED USING PARTS RELEASE 4.01 ON 06/16/89 AT 13:08
* (REV N/A)      SUPPLY VOLTAGE: +/-15V
* CONNECTIONS:   NON-INVERTING INPUT
*                | INVERTING INPUT
*                | | POSITIVE POWER SUPPLY
*                | | | NEGATIVE POWER SUPPLY
*                | | | | OUTPUT
*                | | | | |
.SUBCKT TL084    1 2 3 4 5
*
  C1   11 12 3.498E-12
  C2    6  7 15.00E-12
  DC    5 53 DX
  DE   54  5 DX
  DLP  90 91 DX
  DLN  92 90 DX
  DP    4  3 DX
  EGND 99  0 POLY(2) (3,0) (4,0) 0 .5 .5
  FB    7 99 POLY(5) VB VC VE VLP VLN 0 4.715E6 -5E6 5E6 5E6 -5E6
  GA    6  0 11 12 282.8E-6
  GCM   0  6 10 99 8.942E-9
  ISS   3 10 DC 195.0E-6
  HLIM 90  0 VLIM 1K
  J1   11  2 10 JX
  J2   12  1 10 JX
  R2    6  9 100.0E3
  RD1   4 11 3.536E3
  RD2   4 12 3.536E3
  RO1   8  5 150
  RO2   7 99 150
  RP    3  4 2.143E3
  RSS  10 99 1.026E6
  VB    9  0 DC 0
  VC    3 53 DC 2.200
  VE   54  4 DC 2.200
  VLIM  7  8 DC 0
  VLP  91  0 DC 25
  VLN   0 92 DC 25
.MODEL DX D(IS=800.0E-18)
.MODEL JX PJF(IS=15.00E-12 BETA=270.1E-6 VTO=-1)
.ENDS

**** RESUMING h_tl084_mc.cir ****
.model rmod res(r = 1 DEV/GAUSS 5%)
.model cmod cap(c = 1 DEV/GAUSS 20%)
R3 6 vin rmod 19894
R1 2 5 rmod 19894
R2 4 3 rmod 19894
C2 Vout 4 cmod 1n
C1 3 2 cmod 21.33n
R6 5 1 rmod 19894
R4 3 6 rmod 19894
R5 Vout 1 rmod 59683
V1 vin 0 AC 1
V2 vp 0 15
V3 0 vn 15
XU4 1 6 vp vn 5 tl084
XU5 2 0 vp vn 3 tl084
XU6 4 0 vp vn Vout tl084
.ac dec 100 100 1MEG
.mc 10 ac V(V1) ymax list output all
.probe                                    
.end

**** 05/09/18 17:16:38 *********** Evaluation PSpice (Nov 1999) **************

 * H ideaal


 ****     Diode MODEL PARAMETERS


******************************************************************************




               XU4.DX          XU5.DX          XU6.DX          
          IS  800.000000E-18  800.000000E-18  800.000000E-18 


**** 05/09/18 17:16:38 *********** Evaluation PSpice (Nov 1999) **************

 * H ideaal


 ****     Junction FET MODEL PARAMETERS


******************************************************************************




               XU4.JX          XU5.JX          XU6.JX          
               PJF             PJF             PJF             
         VTO   -1              -1              -1            
        BETA  270.100000E-06  270.100000E-06  270.100000E-06 
          IS   15.000000E-12   15.000000E-12   15.000000E-12 


**** 05/09/18 17:16:38 *********** Evaluation PSpice (Nov 1999) **************

 * H ideaal


 ****     Resistor MODEL PARAMETERS


******************************************************************************




               rmod            
           R    1            


**** 05/09/18 17:16:38 *********** Evaluation PSpice (Nov 1999) **************

 * H ideaal


 ****     Capacitor MODEL PARAMETERS


******************************************************************************




               cmod            
           C    1            


**** 05/09/18 17:16:38 *********** Evaluation PSpice (Nov 1999) **************

 * H ideaal


 ****     UPDATED MODEL PARAMETERS         TEMPERATURE =   27.000 DEG C

                      MONTE CARLO NOMINAL  

******************************************************************************





 **** CURRENT MODEL PARAMETERS FOR DEVICES REFERENCING rmod
                       R3              R1              R2              
              R      1.0000E+00      1.0000E+00      1.0000E+00
                      R6              R4              R5              
              R      1.0000E+00      1.0000E+00      1.0000E+00


 **** CURRENT MODEL PARAMETERS FOR DEVICES REFERENCING cmod
                       C2              C1              
              C      1.0000E+00      1.0000E+00

**** 05/09/18 17:16:38 *********** Evaluation PSpice (Nov 1999) **************

 * H ideaal


 ****     SMALL SIGNAL BIAS SOLUTION       TEMPERATURE =   27.000 DEG C

                      MONTE CARLO NOMINAL  

******************************************************************************



 NODE   VOLTAGE     NODE   VOLTAGE     NODE   VOLTAGE     NODE   VOLTAGE


(    1)-16.45E-06  (    2)-10.95E-06  (    3)-10.06E-06  (    4)-10.95E-06      

(    5)-10.06E-06  (    6)-5.476E-06  (   vn)  -15.0000  (   vp)   15.0000      

(  vin)    0.0000  ( Vout)-32.95E-06  (XU4.6) 1.408E-09  (XU4.7)-10.00E-06      

(XU4.8)-10.00E-06  (XU4.9)    0.0000  (XU5.6) 1.432E-09  (XU5.7)-10.08E-06      

(XU5.8)-10.08E-06  (XU5.9)    0.0000  (XU6.6) 4.677E-09  (XU6.7)-32.99E-06      

(XU6.8)-32.99E-06  (XU6.9)    0.0000  (XU4.10)    -.3986 (XU4.11)  -14.6550     

(XU4.12)  -14.6550 (XU4.53)   12.8000 (XU4.54)  -12.8000 (XU4.90) 366.5E-09     

(XU4.91)   25.0000 (XU4.92)  -25.0000 (XU4.99)    0.0000 (XU5.10)    -.3986     

(XU5.11)  -14.6550 (XU5.12)  -14.6550 (XU5.53)   12.8000 (XU5.54)  -12.8000     

(XU5.90)-185.2E-09 (XU5.91)   25.0000 (XU5.92)  -25.0000 (XU5.99)    0.0000     

(XU6.10)    -.3986 (XU6.11)  -14.6550 (XU6.12)  -14.6550 (XU6.53)   12.8000     

(XU6.54)  -12.8000 (XU6.90)-276.4E-09 (XU6.91)   25.0000 (XU6.92)  -25.0000     

(XU6.99)    0.0000 




    VOLTAGE SOURCE CURRENTS
    NAME         CURRENT

    V1          -2.753E-10
    V2          -4.258E-02
    V3          -4.258E-02
    XU4.VB       1.408E-14
    XU4.VC       1.280E-11
    XU4.VE       1.280E-11
    XU4.VLIM     3.665E-10
    XU4.VLP     -2.500E-11
    XU4.VLN     -2.500E-11
    XU5.VB       1.432E-14
    XU5.VC       1.280E-11
    XU5.VE       1.280E-11
    XU5.VLIM    -1.852E-10
    XU5.VLP     -2.500E-11
    XU5.VLN     -2.500E-11
    XU6.VB       4.677E-14
    XU6.VC       1.280E-11
    XU6.VE       1.280E-11
    XU6.VLIM    -2.764E-10
    XU6.VLP     -2.500E-11
    XU6.VLN     -2.500E-11

    TOTAL POWER DISSIPATION   1.28E+00  WATTS


**** 05/09/18 17:16:39 *********** Evaluation PSpice (Nov 1999) **************

 * H ideaal


 ****     UPDATED MODEL PARAMETERS         TEMPERATURE =   27.000 DEG C

                      MONTE CARLO PASS    2

******************************************************************************





 **** CURRENT MODEL PARAMETERS FOR DEVICES REFERENCING rmod
                       R3              R1              R2              
              R      9.7595E-01      1.0261E+00      1.0467E+00
                      R6              R4              R5              
              R      1.0447E+00      9.4437E-01      1.0063E+00


 **** CURRENT MODEL PARAMETERS FOR DEVICES REFERENCING cmod
                       C2              C1              
              C      9.2159E-01      8.4434E-01

**** 05/09/18 17:16:39 *********** Evaluation PSpice (Nov 1999) **************

 * H ideaal


 ****     SMALL SIGNAL BIAS SOLUTION       TEMPERATURE =   27.000 DEG C

                      MONTE CARLO PASS    2

******************************************************************************



 NODE   VOLTAGE     NODE   VOLTAGE     NODE   VOLTAGE     NODE   VOLTAGE


(    1)-16.50E-06  (    2)-10.97E-06  (    3)-10.03E-06  (    4)-10.97E-06      

(    5)-10.05E-06  (    6)-5.529E-06  (   vn)  -15.0000  (   vp)   15.0000      

(  vin)    0.0000  ( Vout)-32.43E-06  (XU4.6) 1.408E-09  (XU4.7)-9.998E-06      

(XU4.8)-9.998E-06  (XU4.9)    0.0000  (XU5.6) 1.429E-09  (XU5.7)-10.06E-06      

(XU5.8)-10.06E-06  (XU5.9)    0.0000  (XU6.6) 4.604E-09  (XU6.7)-32.47E-06      

(XU6.8)-32.47E-06  (XU6.9)    0.0000  (XU4.10)    -.3986 (XU4.11)  -14.6550     

(XU4.12)  -14.6550 (XU4.53)   12.8000 (XU4.54)  -12.8000 (XU4.90) 355.3E-09     

(XU4.91)   25.0000 (XU4.92)  -25.0000 (XU4.99)    0.0000 (XU5.10)    -.3986     

(XU5.11)  -14.6550 (XU5.12)  -14.6550 (XU5.53)   12.8000 (XU5.54)  -12.8000     

(XU5.90)-194.7E-09 (XU5.91)   25.0000 (XU5.92)  -25.0000 (XU5.99)    0.0000     

(XU6.10)    -.3986 (XU6.11)  -14.6550 (XU6.12)  -14.6550 (XU6.53)   12.8000     

(XU6.54)  -12.8000 (XU6.90)-265.3E-09 (XU6.91)   25.0000 (XU6.92)  -25.0000     

(XU6.99)    0.0000 




    VOLTAGE SOURCE CURRENTS
    NAME         CURRENT

    V1          -2.848E-10
    V2          -4.258E-02
    V3          -4.258E-02
    XU4.VB       1.408E-14
    XU4.VC       1.280E-11
    XU4.VE       1.280E-11
    XU4.VLIM     3.553E-10
    XU4.VLP     -2.500E-11
    XU4.VLN     -2.500E-11
    XU5.VB       1.429E-14
    XU5.VC       1.280E-11
    XU5.VE       1.280E-11
    XU5.VLIM    -1.947E-10
    XU5.VLP     -2.500E-11
    XU5.VLN     -2.500E-11
    XU6.VB       4.604E-14
    XU6.VC       1.280E-11
    XU6.VE       1.280E-11
    XU6.VLIM    -2.653E-10
    XU6.VLP     -2.500E-11
    XU6.VLN     -2.500E-11

    TOTAL POWER DISSIPATION   1.28E+00  WATTS


**** 05/09/18 17:16:40 *********** Evaluation PSpice (Nov 1999) **************

 * H ideaal


 ****     UPDATED MODEL PARAMETERS         TEMPERATURE =   27.000 DEG C

                      MONTE CARLO PASS    3

******************************************************************************





 **** CURRENT MODEL PARAMETERS FOR DEVICES REFERENCING rmod
                       R3              R1              R2              
              R      9.8750E-01      1.0388E+00      9.3095E-01
                      R6              R4              R5              
              R      1.0259E+00      1.0389E+00      1.0498E+00


 **** CURRENT MODEL PARAMETERS FOR DEVICES REFERENCING cmod
                       C2              C1              
              C      1.4661E+00      1.1075E+00

**** 05/09/18 17:16:40 *********** Evaluation PSpice (Nov 1999) **************

 * H ideaal


 ****     SMALL SIGNAL BIAS SOLUTION       TEMPERATURE =   27.000 DEG C

                      MONTE CARLO PASS    3

******************************************************************************



 NODE   VOLTAGE     NODE   VOLTAGE     NODE   VOLTAGE     NODE   VOLTAGE


(    1)-16.36E-06  (    2)-10.97E-06  (    3)-10.14E-06  (    4)-10.97E-06      

(    5)-10.04E-06  (    6)-5.394E-06  (   vn)  -15.0000  (   vp)   15.0000      

(  vin)    0.0000  ( Vout)-32.96E-06  (XU4.6) 1.407E-09  (XU4.7)-9.987E-06      

(XU4.8)-9.987E-06  (XU4.9)    0.0000  (XU5.6) 1.443E-09  (XU5.7)-10.16E-06      

(XU5.8)-10.16E-06  (XU5.9)    0.0000  (XU6.6) 4.678E-09  (XU6.7)-33.00E-06      

(XU6.8)-33.00E-06  (XU6.9)    0.0000  (XU4.10)    -.3986 (XU4.11)  -14.6550     

(XU4.12)  -14.6550 (XU4.53)   12.8000 (XU4.54)  -12.8000 (XU4.90) 354.9E-09     

(XU4.91)   25.0000 (XU4.92)  -25.0000 (XU4.99)    0.0000 (XU5.10)    -.3986     

(XU5.11)  -14.6550 (XU5.12)  -14.6550 (XU5.53)   12.8000 (XU5.54)  -12.8000     

(XU5.90)-184.4E-09 (XU5.91)   25.0000 (XU5.92)  -25.0000 (XU5.99)    0.0000     

(XU6.10)    -.3986 (XU6.11)  -14.6550 (XU6.12)  -14.6550 (XU6.53)   12.8000     

(XU6.54)  -12.8000 (XU6.90)-264.8E-09 (XU6.91)   25.0000 (XU6.92)  -25.0000     

(XU6.99)    0.0000 




    VOLTAGE SOURCE CURRENTS
    NAME         CURRENT

    V1          -2.745E-10
    V2          -4.258E-02
    V3          -4.258E-02
    XU4.VB       1.407E-14
    XU4.VC       1.280E-11
    XU4.VE       1.280E-11
    XU4.VLIM     3.549E-10
    XU4.VLP     -2.500E-11
    XU4.VLN     -2.500E-11
    XU5.VB       1.443E-14
    XU5.VC       1.280E-11
    XU5.VE       1.280E-11
    XU5.VLIM    -1.844E-10
    XU5.VLP     -2.500E-11
    XU5.VLN     -2.500E-11
    XU6.VB       4.678E-14
    XU6.VC       1.280E-11
    XU6.VE       1.280E-11
    XU6.VLIM    -2.648E-10
    XU6.VLP     -2.500E-11
    XU6.VLN     -2.500E-11

    TOTAL POWER DISSIPATION   1.28E+00  WATTS


**** 05/09/18 17:16:41 *********** Evaluation PSpice (Nov 1999) **************

 * H ideaal


 ****     UPDATED MODEL PARAMETERS         TEMPERATURE =   27.000 DEG C

                      MONTE CARLO PASS    4

******************************************************************************





 **** CURRENT MODEL PARAMETERS FOR DEVICES REFERENCING rmod
                       R3              R1              R2              
              R      9.5097E-01      1.0105E+00      1.0664E+00
                      R6              R4              R5              
              R      1.0180E+00      9.8239E-01      9.8633E-01


 **** CURRENT MODEL PARAMETERS FOR DEVICES REFERENCING cmod
                       C2              C1              
              C      9.4369E-01      1.1262E+00

**** 05/09/18 17:16:41 *********** Evaluation PSpice (Nov 1999) **************

 * H ideaal


 ****     SMALL SIGNAL BIAS SOLUTION       TEMPERATURE =   27.000 DEG C

                      MONTE CARLO PASS    4

******************************************************************************



 NODE   VOLTAGE     NODE   VOLTAGE     NODE   VOLTAGE     NODE   VOLTAGE


(    1)-16.33E-06  (    2)-10.97E-06  (    3)-10.02E-06  (    4)-10.97E-06      

(    5)-10.07E-06  (    6)-5.359E-06  (   vn)  -15.0000  (   vp)   15.0000      

(  vin)    0.0000  ( Vout)-31.89E-06  (XU4.6) 2.351E-09  (XU4.7)-10.01E-06      

(XU4.8)-10.01E-06  (XU4.9)    0.0000  (XU5.6) 1.426E-09  (XU5.7)-10.04E-06      

(XU5.8)-10.04E-06  (XU5.9)    0.0000  (XU6.6) 4.527E-09  (XU6.7)-31.93E-06      

(XU6.8)-31.93E-06  (XU6.9)    0.0000  (XU4.10)    -.3986 (XU4.11)  -14.6550     

(XU4.12)  -14.6550 (XU4.53)   12.8000 (XU4.54)  -12.8000 (XU4.90) 354.4E-09     

(XU4.91)   25.0000 (XU4.92)  -25.0000 (XU4.99)    0.0000 (XU5.10)    -.3986     

(XU5.11)  -14.6550 (XU5.12)  -14.6550 (XU5.53)   12.8000 (XU5.54)  -12.8000     

(XU5.90)-193.2E-09 (XU5.91)   25.0000 (XU5.92)  -25.0000 (XU5.99)    0.0000     

(XU6.10)    -.3986 (XU6.11)  -14.6550 (XU6.12)  -14.6550 (XU6.53)   12.8000     

(XU6.54)  -12.8000 (XU6.90)-264.3E-09 (XU6.91)   25.0000 (XU6.92)  -25.0000     

(XU6.99)    0.0000 




    VOLTAGE SOURCE CURRENTS
    NAME         CURRENT

    V1          -2.833E-10
    V2          -4.258E-02
    V3          -4.258E-02
    XU4.VB       1.410E-14
    XU4.VC       1.280E-11
    XU4.VE       1.280E-11
    XU4.VLIM     3.544E-10
    XU4.VLP     -2.500E-11
    XU4.VLN     -2.500E-11
    XU5.VB       1.426E-14
    XU5.VC       1.280E-11
    XU5.VE       1.280E-11
    XU5.VLIM    -1.932E-10
    XU5.VLP     -2.500E-11
    XU5.VLN     -2.500E-11
    XU6.VB       4.527E-14
    XU6.VC       1.280E-11
    XU6.VE       1.280E-11
    XU6.VLIM    -2.643E-10
    XU6.VLP     -2.500E-11
    XU6.VLN     -2.500E-11

    TOTAL POWER DISSIPATION   1.28E+00  WATTS


**** 05/09/18 17:16:42 *********** Evaluation PSpice (Nov 1999) **************

 * H ideaal


 ****     UPDATED MODEL PARAMETERS         TEMPERATURE =   27.000 DEG C

                      MONTE CARLO PASS    5

******************************************************************************





 **** CURRENT MODEL PARAMETERS FOR DEVICES REFERENCING rmod
                       R3              R1              R2              
              R      9.0736E-01      1.0673E+00      9.6002E-01
                      R6              R4              R5              
              R      1.0070E+00      1.0143E+00      9.8236E-01


 **** CURRENT MODEL PARAMETERS FOR DEVICES REFERENCING cmod
                       C2              C1              
              C      8.1273E-01      7.8816E-01

**** 05/09/18 17:16:42 *********** Evaluation PSpice (Nov 1999) **************

 * H ideaal


 ****     SMALL SIGNAL BIAS SOLUTION       TEMPERATURE =   27.000 DEG C

                      MONTE CARLO PASS    5

******************************************************************************



 NODE   VOLTAGE     NODE   VOLTAGE     NODE   VOLTAGE     NODE   VOLTAGE


(    1)-16.17E-06  (    2)-10.97E-06  (    3)-10.11E-06  (    4)-10.97E-06      

(    5)-10.01E-06  (    6)-5.203E-06  (   vn)  -15.0000  (   vp)   15.0000      

(  vin)    0.0000  ( Vout)-31.56E-06  (XU4.6) 3.344E-09  (XU4.7)-9.962E-06      

(XU4.8)-9.962E-06  (XU4.9)    0.0000  (XU5.6) 1.440E-09  (XU5.7)-10.14E-06      

(XU5.8)-10.14E-06  (XU5.9)    0.0000  (XU6.6) 4.480E-09  (XU6.7)-31.60E-06      

(XU6.8)-31.60E-06  (XU6.9)    0.0000  (XU4.10)    -.3986 (XU4.11)  -14.6550     

(XU4.12)  -14.6550 (XU4.53)   12.8000 (XU4.54)  -12.8000 (XU4.90) 352.5E-09     

(XU4.91)   25.0000 (XU4.92)  -25.0000 (XU4.99)    0.0000 (XU5.10)    -.3986     

(XU5.11)  -14.6550 (XU5.12)  -14.6550 (XU5.53)   12.8000 (XU5.54)  -12.8000     

(XU5.90)-198.1E-09 (XU5.91)   25.0000 (XU5.92)  -25.0000 (XU5.99)    0.0000     

(XU6.10)    -.3986 (XU6.11)  -14.6550 (XU6.12)  -14.6550 (XU6.53)   12.8000     

(XU6.54)  -12.8000 (XU6.90)-262.4E-09 (XU6.91)   25.0000 (XU6.92)  -25.0000     

(XU6.99)    0.0000 




    VOLTAGE SOURCE CURRENTS
    NAME         CURRENT

    V1          -2.883E-10
    V2          -4.258E-02
    V3          -4.258E-02
    XU4.VB       1.403E-14
    XU4.VC       1.280E-11
    XU4.VE       1.280E-11
    XU4.VLIM     3.525E-10
    XU4.VLP     -2.500E-11
    XU4.VLN     -2.500E-11
    XU5.VB       1.440E-14
    XU5.VC       1.280E-11
    XU5.VE       1.280E-11
    XU5.VLIM    -1.981E-10
    XU5.VLP     -2.500E-11
    XU5.VLN     -2.500E-11
    XU6.VB       4.480E-14
    XU6.VC       1.280E-11
    XU6.VE       1.280E-11
    XU6.VLIM    -2.624E-10
    XU6.VLP     -2.500E-11
    XU6.VLN     -2.500E-11

    TOTAL POWER DISSIPATION   1.28E+00  WATTS


**** 05/09/18 17:16:43 *********** Evaluation PSpice (Nov 1999) **************

 * H ideaal


 ****     UPDATED MODEL PARAMETERS         TEMPERATURE =   27.000 DEG C

                      MONTE CARLO PASS    6

******************************************************************************





 **** CURRENT MODEL PARAMETERS FOR DEVICES REFERENCING rmod
                       R3              R1              R2              
              R      9.9576E-01      9.6641E-01      1.0196E+00
                      R6              R4              R5              
              R      1.0205E+00      9.5528E-01      1.0497E+00


 **** CURRENT MODEL PARAMETERS FOR DEVICES REFERENCING cmod
                       C2              C1              
              C      1.0533E+00      9.8533E-01

**** 05/09/18 17:16:43 *********** Evaluation PSpice (Nov 1999) **************

 * H ideaal


 ****     SMALL SIGNAL BIAS SOLUTION       TEMPERATURE =   27.000 DEG C

                      MONTE CARLO PASS    6

******************************************************************************



 NODE   VOLTAGE     NODE   VOLTAGE     NODE   VOLTAGE     NODE   VOLTAGE


(    1)-16.54E-06  (    2)-10.97E-06  (    3)-10.06E-06  (    4)-10.97E-06      

(    5)-10.10E-06  (    6)-5.570E-06  (   vn)  -15.0000  (   vp)   15.0000      

(  vin)    0.0000  ( Vout)-33.58E-06  (XU4.6) 1.809E-09  (XU4.7)-10.05E-06      

(XU4.8)-10.05E-06  (XU4.9)    0.0000  (XU5.6) 1.432E-09  (XU5.7)-10.09E-06      

(XU5.8)-10.09E-06  (XU5.9)    0.0000  (XU6.6) 4.767E-09  (XU6.7)-33.62E-06      

(XU6.8)-33.62E-06  (XU6.9)    0.0000  (XU4.10)    -.3986 (XU4.11)  -14.6550     

(XU4.12)  -14.6550 (XU4.53)   12.8000 (XU4.54)  -12.8000 (XU4.90) 362.1E-09     

(XU4.91)   25.0000 (XU4.92)  -25.0000 (XU4.99)    0.0000 (XU5.10)    -.3986     

(XU5.11)  -14.6550 (XU5.12)  -14.6550 (XU5.53)   12.8000 (XU5.54)  -12.8000     

(XU5.90)-191.1E-09 (XU5.91)   25.0000 (XU5.92)  -25.0000 (XU5.99)    0.0000     

(XU6.10)    -.3986 (XU6.11)  -14.6550 (XU6.12)  -14.6550 (XU6.53)   12.8000     

(XU6.54)  -12.8000 (XU6.90)-272.0E-09 (XU6.91)   25.0000 (XU6.92)  -25.0000     

(XU6.99)    0.0000 




    VOLTAGE SOURCE CURRENTS
    NAME         CURRENT

    V1          -2.812E-10
    V2          -4.258E-02
    V3          -4.258E-02
    XU4.VB       1.415E-14
    XU4.VC       1.280E-11
    XU4.VE       1.280E-11
    XU4.VLIM     3.621E-10
    XU4.VLP     -2.500E-11
    XU4.VLN     -2.500E-11
    XU5.VB       1.432E-14
    XU5.VC       1.280E-11
    XU5.VE       1.280E-11
    XU5.VLIM    -1.911E-10
    XU5.VLP     -2.500E-11
    XU5.VLN     -2.500E-11
    XU6.VB       4.767E-14
    XU6.VC       1.280E-11
    XU6.VE       1.280E-11
    XU6.VLIM    -2.720E-10
    XU6.VLP     -2.500E-11
    XU6.VLN     -2.500E-11

    TOTAL POWER DISSIPATION   1.28E+00  WATTS


**** 05/09/18 17:16:45 *********** Evaluation PSpice (Nov 1999) **************

 * H ideaal


 ****     UPDATED MODEL PARAMETERS         TEMPERATURE =   27.000 DEG C

                      MONTE CARLO PASS    7

******************************************************************************





 **** CURRENT MODEL PARAMETERS FOR DEVICES REFERENCING rmod
                       R3              R1              R2              
              R      9.7533E-01      1.0548E+00      9.4790E-01
                      R6              R4              R5              
              R      9.7905E-01      9.3269E-01      1.0890E+00


 **** CURRENT MODEL PARAMETERS FOR DEVICES REFERENCING cmod
                       C2              C1              
              C      1.0531E+00      1.1378E+00

**** 05/09/18 17:16:45 *********** Evaluation PSpice (Nov 1999) **************

 * H ideaal


 ****     SMALL SIGNAL BIAS SOLUTION       TEMPERATURE =   27.000 DEG C

                      MONTE CARLO PASS    7

******************************************************************************



 NODE   VOLTAGE     NODE   VOLTAGE     NODE   VOLTAGE     NODE   VOLTAGE


(    1)-16.57E-06  (    2)-10.97E-06  (    3)-10.12E-06  (    4)-10.97E-06      

(    5)-10.03E-06  (    6)-5.601E-06  (   vn)  -15.0000  (   vp)   15.0000      

(  vin)    0.0000  ( Vout)-35.49E-06  (XU4.6) 1.991E-09  (XU4.7)-9.968E-06      

(XU4.8)-9.968E-06  (XU4.9)    0.0000  (XU5.6) 1.442E-09  (XU5.7)-10.15E-06      

(XU5.8)-10.15E-06  (XU5.9)    0.0000  (XU6.6) 5.038E-09  (XU6.7)-35.53E-06      

(XU6.8)-35.53E-06  (XU6.9)    0.0000  (XU4.10)    -.3986 (XU4.11)  -14.6550     

(XU4.12)  -14.6550 (XU4.53)   12.8000 (XU4.54)  -12.8000 (XU4.90) 381.2E-09     

(XU4.91)   25.0000 (XU4.92)  -25.0000 (XU4.99)    0.0000 (XU5.10)    -.3986     

(XU5.11)  -14.6550 (XU5.12)  -14.6550 (XU5.53)   12.8000 (XU5.54)  -12.8000     

(XU5.90)-198.6E-09 (XU5.91)   25.0000 (XU5.92)  -25.0000 (XU5.99)    0.0000     

(XU6.10)    -.3986 (XU6.11)  -14.6550 (XU6.12)  -14.6550 (XU6.53)   12.8000     

(XU6.54)  -12.8000 (XU6.90)-291.1E-09 (XU6.91)   25.0000 (XU6.92)  -25.0000     

(XU6.99)    0.0000 




    VOLTAGE SOURCE CURRENTS
    NAME         CURRENT

    V1          -2.887E-10
    V2          -4.258E-02
    V3          -4.258E-02
    XU4.VB       1.403E-14
    XU4.VC       1.280E-11
    XU4.VE       1.280E-11
    XU4.VLIM     3.812E-10
    XU4.VLP     -2.500E-11
    XU4.VLN     -2.500E-11
    XU5.VB       1.442E-14
    XU5.VC       1.280E-11
    XU5.VE       1.280E-11
    XU5.VLIM    -1.986E-10
    XU5.VLP     -2.500E-11
    XU5.VLN     -2.500E-11
    XU6.VB       5.038E-14
    XU6.VC       1.280E-11
    XU6.VE       1.280E-11
    XU6.VLIM    -2.911E-10
    XU6.VLP     -2.500E-11
    XU6.VLN     -2.500E-11

    TOTAL POWER DISSIPATION   1.28E+00  WATTS


**** 05/09/18 17:16:46 *********** Evaluation PSpice (Nov 1999) **************

 * H ideaal


 ****     UPDATED MODEL PARAMETERS         TEMPERATURE =   27.000 DEG C

                      MONTE CARLO PASS    8

******************************************************************************





 **** CURRENT MODEL PARAMETERS FOR DEVICES REFERENCING rmod
                       R3              R1              R2              
              R      1.0730E+00      1.0645E+00      1.0469E+00
                      R6              R4              R5              
              R      1.0898E+00      1.0055E+00      9.7590E-01


 **** CURRENT MODEL PARAMETERS FOR DEVICES REFERENCING cmod
                       C2              C1              
              C      8.2513E-01      9.0425E-01

**** 05/09/18 17:16:46 *********** Evaluation PSpice (Nov 1999) **************

 * H ideaal


 ****     SMALL SIGNAL BIAS SOLUTION       TEMPERATURE =   27.000 DEG C

                      MONTE CARLO PASS    8

******************************************************************************



 NODE   VOLTAGE     NODE   VOLTAGE     NODE   VOLTAGE     NODE   VOLTAGE


(    1)-16.62E-06  (    2)-10.97E-06  (    3)-10.03E-06  (    4)-10.97E-06      

(    5)-10.02E-06  (    6)-5.645E-06  (   vn)  -15.0000  (   vp)   15.0000      

(  vin)    0.0000  ( Vout)-31.72E-06  (XU4.6) 1.831E-09  (XU4.7)-9.965E-06      

(XU4.8)-9.965E-06  (XU4.9)    0.0000  (XU5.6) 1.428E-09  (XU5.7)-10.06E-06      

(XU5.8)-10.06E-06  (XU5.9)    0.0000  (XU6.6) 4.503E-09  (XU6.7)-31.76E-06      

(XU6.8)-31.76E-06  (XU6.9)    0.0000  (XU4.10)    -.3986 (XU4.11)  -14.6550     

(XU4.12)  -14.6550 (XU4.53)   12.8000 (XU4.54)  -12.8000 (XU4.90) 349.4E-09     

(XU4.91)   25.0000 (XU4.92)  -25.0000 (XU4.99)    0.0000 (XU5.10)    -.3986     

(XU5.11)  -14.6550 (XU5.12)  -14.6550 (XU5.53)   12.8000 (XU5.54)  -12.8000     

(XU5.90)-174.3E-09 (XU5.91)   25.0000 (XU5.92)  -25.0000 (XU5.99)    0.0000     

(XU6.10)    -.3986 (XU6.11)  -14.6550 (XU6.12)  -14.6550 (XU6.53)   12.8000     

(XU6.54)  -12.8000 (XU6.90)-259.3E-09 (XU6.91)   25.0000 (XU6.92)  -25.0000     

(XU6.99)    0.0000 




    VOLTAGE SOURCE CURRENTS
    NAME         CURRENT

    V1          -2.644E-10
    V2          -4.258E-02
    V3          -4.258E-02
    XU4.VB       1.404E-14
    XU4.VC       1.280E-11
    XU4.VE       1.280E-11
    XU4.VLIM     3.494E-10
    XU4.VLP     -2.500E-11
    XU4.VLN     -2.500E-11
    XU5.VB       1.428E-14
    XU5.VC       1.280E-11
    XU5.VE       1.280E-11
    XU5.VLIM    -1.743E-10
    XU5.VLP     -2.500E-11
    XU5.VLN     -2.500E-11
    XU6.VB       4.503E-14
    XU6.VC       1.280E-11
    XU6.VE       1.280E-11
    XU6.VLIM    -2.593E-10
    XU6.VLP     -2.500E-11
    XU6.VLN     -2.500E-11

    TOTAL POWER DISSIPATION   1.28E+00  WATTS


**** 05/09/18 17:16:48 *********** Evaluation PSpice (Nov 1999) **************

 * H ideaal


 ****     UPDATED MODEL PARAMETERS         TEMPERATURE =   27.000 DEG C

                      MONTE CARLO PASS    9

******************************************************************************





 **** CURRENT MODEL PARAMETERS FOR DEVICES REFERENCING rmod
                       R3              R1              R2              
              R      1.0290E+00      9.9316E-01      1.0305E+00
                      R6              R4              R5              
              R      9.2906E-01      9.4940E-01      9.6363E-01


 **** CURRENT MODEL PARAMETERS FOR DEVICES REFERENCING cmod
                       C2              C1              
              C      8.8227E-01      9.8353E-01

**** 05/09/18 17:16:48 *********** Evaluation PSpice (Nov 1999) **************

 * H ideaal


 ****     SMALL SIGNAL BIAS SOLUTION       TEMPERATURE =   27.000 DEG C

                      MONTE CARLO PASS    9

******************************************************************************



 NODE   VOLTAGE     NODE   VOLTAGE     NODE   VOLTAGE     NODE   VOLTAGE


(    1)-16.64E-06  (    2)-10.97E-06  (    3)-10.05E-06  (    4)-10.97E-06      

(    5)-10.08E-06  (    6)-5.668E-06  (   vn)  -15.0000  (   vp)   15.0000      

(  vin)    0.0000  ( Vout)-34.46E-06  (XU4.6) 1.642E-09  (XU4.7)-10.02E-06      

(XU4.8)-10.02E-06  (XU4.9)    0.0000  (XU5.6) 1.431E-09  (XU5.7)-10.08E-06      

(XU5.8)-10.08E-06  (XU5.9)    0.0000  (XU6.6) 4.893E-09  (XU6.7)-34.50E-06      

(XU6.8)-34.50E-06  (XU6.9)    0.0000  (XU4.10)    -.3986 (XU4.11)  -14.6550     

(XU4.12)  -14.6550 (XU4.53)   12.8000 (XU4.54)  -12.8000 (XU4.90) 399.9E-09     

(XU4.91)   25.0000 (XU4.92)  -25.0000 (XU4.99)    0.0000 (XU5.10)    -.3986     

(XU5.11)  -14.6550 (XU5.12)  -14.6550 (XU5.53)   12.8000 (XU5.54)  -12.8000     

(XU5.90)-186.8E-09 (XU5.91)   25.0000 (XU5.92)  -25.0000 (XU5.99)    0.0000     

(XU6.10)    -.3986 (XU6.11)  -14.6550 (XU6.12)  -14.6550 (XU6.53)   12.8000     

(XU6.54)  -12.8000 (XU6.90)-309.8E-09 (XU6.91)   25.0000 (XU6.92)  -25.0000     

(XU6.99)    0.0000 




    VOLTAGE SOURCE CURRENTS
    NAME         CURRENT

    V1          -2.769E-10
    V2          -4.258E-02
    V3          -4.258E-02
    XU4.VB       1.410E-14
    XU4.VC       1.280E-11
    XU4.VE       1.280E-11
    XU4.VLIM     3.999E-10
    XU4.VLP     -2.500E-11
    XU4.VLN     -2.500E-11
    XU5.VB       1.431E-14
    XU5.VC       1.280E-11
    XU5.VE       1.280E-11
    XU5.VLIM    -1.868E-10
    XU5.VLP     -2.500E-11
    XU5.VLN     -2.500E-11
    XU6.VB       4.893E-14
    XU6.VC       1.280E-11
    XU6.VE       1.280E-11
    XU6.VLIM    -3.098E-10
    XU6.VLP     -2.500E-11
    XU6.VLN     -2.500E-11

    TOTAL POWER DISSIPATION   1.28E+00  WATTS


**** 05/09/18 17:16:49 *********** Evaluation PSpice (Nov 1999) **************

 * H ideaal


 ****     UPDATED MODEL PARAMETERS         TEMPERATURE =   27.000 DEG C

                      MONTE CARLO PASS   10

******************************************************************************





 **** CURRENT MODEL PARAMETERS FOR DEVICES REFERENCING rmod
                       R3              R1              R2              
              R      1.0813E+00      1.0030E+00      9.4488E-01
                      R6              R4              R5              
              R      1.0580E+00      1.0677E+00      9.7089E-01


 **** CURRENT MODEL PARAMETERS FOR DEVICES REFERENCING cmod
                       C2              C1              
              C      7.3841E-01      1.0526E+00

**** 05/09/18 17:16:49 *********** Evaluation PSpice (Nov 1999) **************

 * H ideaal


 ****     SMALL SIGNAL BIAS SOLUTION       TEMPERATURE =   27.000 DEG C

                      MONTE CARLO PASS   10

******************************************************************************



 NODE   VOLTAGE     NODE   VOLTAGE     NODE   VOLTAGE     NODE   VOLTAGE


(    1)-16.55E-06  (    2)-10.97E-06  (    3)-10.12E-06  (    4)-10.97E-06      

(    5)-10.07E-06  (    6)-5.576E-06  (   vn)  -15.0000  (   vp)   15.0000      

(  vin)    0.0000  ( Vout)-31.76E-06  (XU4.6) 2.369E-09  (XU4.7)-10.02E-06      

(XU4.8)-10.02E-06  (XU4.9)    0.0000  (XU5.6) 1.441E-09  (XU5.7)-10.15E-06      

(XU5.8)-10.15E-06  (XU5.9)    0.0000  (XU6.6) 4.509E-09  (XU6.7)-31.80E-06      

(XU6.8)-31.80E-06  (XU6.9)    0.0000  (XU4.10)    -.3986 (XU4.11)  -14.6550     

(XU4.12)  -14.6550 (XU4.53)   12.8000 (XU4.54)  -12.8000 (XU4.90) 352.7E-09     

(XU4.91)   25.0000 (XU4.92)  -25.0000 (XU4.99)    0.0000 (XU5.10)    -.3986     

(XU5.11)  -14.6550 (XU5.12)  -14.6550 (XU5.53)   12.8000 (XU5.54)  -12.8000     

(XU5.90)-169.1E-09 (XU5.91)   25.0000 (XU5.92)  -25.0000 (XU5.99)    0.0000     

(XU6.10)    -.3986 (XU6.11)  -14.6550 (XU6.12)  -14.6550 (XU6.53)   12.8000     

(XU6.54)  -12.8000 (XU6.90)-262.6E-09 (XU6.91)   25.0000 (XU6.92)  -25.0000     

(XU6.99)    0.0000 




    VOLTAGE SOURCE CURRENTS
    NAME         CURRENT

    V1          -2.592E-10
    V2          -4.258E-02
    V3          -4.258E-02
    XU4.VB       1.411E-14
    XU4.VC       1.280E-11
    XU4.VE       1.280E-11
    XU4.VLIM     3.527E-10
    XU4.VLP     -2.500E-11
    XU4.VLN     -2.500E-11
    XU5.VB       1.441E-14
    XU5.VC       1.280E-11
    XU5.VE       1.280E-11
    XU5.VLIM    -1.691E-10
    XU5.VLP     -2.500E-11
    XU5.VLN     -2.500E-11
    XU6.VB       4.509E-14
    XU6.VC       1.280E-11
    XU6.VE       1.280E-11
    XU6.VLIM    -2.626E-10
    XU6.VLP     -2.500E-11
    XU6.VLN     -2.500E-11

    TOTAL POWER DISSIPATION   1.28E+00  WATTS


**** 05/09/18 17:16:49 *********** Evaluation PSpice (Nov 1999) **************

 * H ideaal


 ****     SORTED DEVIATIONS OF V(V1)       TEMPERATURE =   27.000 DEG C

                      MONTE CARLO SUMMARY

******************************************************************************





Mean Deviation =    0     
Sigma          =    0     

 RUN                    MAX DEVIATION FROM NOMINAL

Pass    2               0     

Pass    3               0     

Pass    4               0     

Pass    5               0     

Pass    6               0     

Pass    7               0     

Pass    8               0     

Pass    9               0     

Pass   10               0     



          JOB CONCLUDED

          TOTAL JOB TIME           12.00
